<?xml version="1.0" encoding="utf-8"?><testsuites name="pytest tests"><testsuite name="pytest" errors="0" failures="0" skipped="0" tests="20" time="26.265" timestamp="2026-08-31T05:57:52.420436+00:00" hostname="agent-env-3beb81ba-e95d-4288-b72a-5a94d0a16e80"><testcase classname="tests.test_lumiere_admin_video_social.TestAdminRoutes" name="test_overview" time="0.124" /><testcase classname="tests.test_lumiere_admin_video_social.TestSocialStudio" name="test_free_blocked_on_plan" time="0.124" /><testcase classname="tests.test_lumiere_admin_video_social.TestAdminRoutes" name="test_plans_get_and_update" time="6.862" /><testcase classname="tests.test_lumiere_admin_video_social.TestSocialStudio" name="test_plan_generate" time="14.795" /><testcase classname="tests.test_lumiere_admin_video_social.TestAdminRoutes" name="test_users_list" time="0.104" /><testcase classname="tests.test_lumiere_admin_video_social.TestAdminRoutes" name="test_set_user_plan" time="0.336" /><testcase classname="tests.test_lumiere_admin_video_social.TestAdminRoutes" name="test_video_jobs_list" time="0.117" /><testcase classname="tests.test_lumiere_admin_video_social.TestAdminRoutes" name="test_social_posts_list" time="0.138" /><testcase classname="tests.test_lumiere_admin_video_social.TestAdminRoutes" name="test_non_admin_403" time="0.541" /><testcase classname="tests.test_lumiere_admin_video_social.TestAuthAccount" name="test_admin_me" time="0.116" /><testcase classname="tests.test_lumiere_admin_video_social.TestAuthAccount" name="test_admin_account_entitlements" time="0.109" /><testcase classname="tests.test_lumiere_admin_video_social.TestAuthAccount" name="test_free_account_entitlements" time="0.127" /><testcase classname="tests.test_lumiere_admin_video_social.TestVideoGating" name="test_free_blocked" time="0.098" /><testcase classname="tests.test_lumiere_admin_video_social.TestVideoGating" name="test_studio_passes_entitlement" time="0.175" /><testcase classname="tests.test_lumiere_admin_video_social.TestSocialStudio" name="test_design_image" time="9.877" /><testcase classname="tests.test_lumiere_admin_video_social.TestSocialStudio" name="test_get_image" time="0.380" /><testcase classname="tests.test_lumiere_admin_video_social.TestSocialStudio" name="test_update_post" time="0.101" /><testcase classname="tests.test_lumiere_admin_video_social.TestSocialStudio" name="test_schedule" time="0.098" /><testcase classname="tests.test_lumiere_admin_video_social.TestSocialStudio" name="test_publish" time="0.108" /><testcase classname="tests.test_lumiere_admin_video_social.TestSocialStudio" name="test_delete" time="0.236" /></testsuite></testsuites>