<?xml version="1.0" encoding="utf-8"?><testsuites name="pytest tests"><testsuite name="pytest" errors="0" failures="0" skipped="0" tests="13" time="198.654" timestamp="2026-08-31T07:21:56.581707+00:00" hostname="agent-env-3beb81ba-e95d-4288-b72a-5a94d0a16e80"><testcase classname="tests.test_orchestrator_media_editing" name="test_orch_01_new_experience_create_plan" time="0.369" /><testcase classname="tests.test_orchestrator_media_editing" name="test_orch_03_after_plan_capture" time="45.053" /><testcase classname="tests.test_orchestrator_media_editing" name="test_orch_03_transitions_after_upload" time="56.444" /><testcase classname="tests.test_orchestrator_media_editing" name="test_media_del_02_impact" time="0.063" /><testcase classname="tests.test_orchestrator_media_editing" name="test_media_del_03_permanent_needs_confirm" time="0.600" /><testcase classname="tests.test_orchestrator_media_editing" name="test_media_del_01_trash_and_restore" time="0.619" /><testcase classname="tests.test_orchestrator_media_editing" name="test_edit_01_remove_clip_creates_new_version" time="74.436" /><testcase classname="tests.test_orchestrator_media_editing" name="test_edit_01_would_be_empty" time="0.317" /><testcase classname="tests.test_orchestrator_media_editing" name="test_edit_02_revise_creates_new_version" time="8.394" /><testcase classname="tests.test_orchestrator_media_editing" name="test_impacted_cuts_flow" time="0.313" /><testcase classname="tests.test_orchestrator_media_editing" name="test_delete_cut_preserves_media" time="11.087" /><testcase classname="tests.test_orchestrator_media_editing" name="test_experience_impact_and_soft_delete" time="0.631" /><testcase classname="tests.test_orchestrator_media_editing" name="test_decisions_persisted" time="0.229" /></testsuite></testsuites>