<?xml version="1.0" encoding="utf-8"?><testsuites name="pytest tests"><testsuite name="pytest" errors="0" failures="0" skipped="1" tests="10" time="25.515" timestamp="2026-08-31T19:01:59.558379+00:00" hostname="agent-env-3beb81ba-e95d-4288-b72a-5a94d0a16e80"><testcase classname="tests.test_payments_and_overlay.TestPayPal" name="test_config" time="0.275" /><testcase classname="tests.test_payments_and_overlay.TestSocialOverlay" name="test_01_create_plan" time="11.265" /><testcase classname="tests.test_payments_and_overlay.TestPayPal" name="test_create_order_creator_monthly" time="2.453" /><testcase classname="tests.test_payments_and_overlay.TestPayPal" name="test_create_order_studio_yearly" time="1.041" /><testcase classname="tests.test_payments_and_overlay.TestPayPal" name="test_create_order_free_rejected" time="0.144" /><testcase classname="tests.test_payments_and_overlay.TestCaptionsFieldAcceptance" name="test_pro_edit_captions_field_no_422" time="0.473"><skipped type="pytest.skip" message="no ready cut found for captions schema test">/app/backend/tests/test_payments_and_overlay.py:133: no ready cut found for captions schema test</skipped></testcase><testcase classname="tests.test_payments_and_overlay.TestCaptionsFieldAcceptance" name="test_video_edit_captions_field_no_422" time="7.574" /><testcase classname="tests.test_payments_and_overlay.TestSocialOverlay" name="test_02_generate_design" time="11.172" /><testcase classname="tests.test_payments_and_overlay.TestSocialOverlay" name="test_03_apply_text_overlay" time="1.759" /><testcase classname="tests.test_payments_and_overlay.TestSocialOverlay" name="test_04_clear_overlay_reverts" time="0.829" /></testsuite></testsuites>