<?xml version="1.0" encoding="utf-8"?><testsuites name="pytest tests"><testsuite name="pytest" errors="0" failures="0" skipped="0" tests="5" time="27.430" timestamp="2026-08-31T04:55:50.668145+00:00" hostname="agent-env-3beb81ba-e95d-4288-b72a-5a94d0a16e80"><testcase classname="tests.test_live_gateway_plan.TestRegressionHealth" name="test_agent_health" time="0.214" /><testcase classname="tests.test_live_gateway_plan.TestRegressionHealth" name="test_partner_health" time="0.053" /><testcase classname="tests.test_live_gateway_plan.TestLiveGatewayPlan" name="test_plan_via_live_gateway" time="26.856" /><testcase classname="tests.test_live_gateway_plan.TestRegressionHealth" name="test_auth_me" time="0.053" /><testcase classname="tests.test_live_gateway_plan.TestLiveGatewayPlan" name="test_trace_provenance" time="0.061" /></testsuite></testsuites>