<?xml version="1.0" encoding="utf-8"?><testsuites name="pytest tests"><testsuite name="pytest" errors="0" failures="0" skipped="0" tests="11" time="22.073" timestamp="2026-08-31T02:48:13.667650+00:00" hostname="agent-env-3beb81ba-e95d-4288-b72a-5a94d0a16e80"><testcase classname="tests.test_gateway_static_and_backend_regression.TestServingBackendRegression" name="test_agent_health" time="0.223" /><testcase classname="tests.test_gateway_static_and_backend_regression.TestGatewayStatic" name="test_py_compile" time="0.002" /><testcase classname="tests.test_gateway_static_and_backend_regression.TestGatewayStatic" name="test_ast_parse" time="0.008" /><testcase classname="tests.test_gateway_static_and_backend_regression.TestGatewayStatic" name="test_helpers_exist" time="0.001" /><testcase classname="tests.test_gateway_static_and_backend_regression.TestGatewayStatic" name="test_query_does_not_call_dot_query" time="0.001" /><testcase classname="tests.test_gateway_static_and_backend_regression.TestGatewayStatic" name="test_query_uses_stream_query_and_sessions" time="0.001" /><testcase classname="tests.test_gateway_static_and_backend_regression.TestGatewayStatic" name="test_query_returns_session_id_and_events_dict" time="0.001" /><testcase classname="tests.test_gateway_static_and_backend_regression.TestGatewayStatic" name="test_agent_and_vision_call_query" time="0.001" /><testcase classname="tests.test_gateway_static_and_backend_regression.TestServingBackendRegression" name="test_partner_health" time="0.053" /><testcase classname="tests.test_gateway_static_and_backend_regression.TestServingBackendRegression" name="test_auth_me" time="0.054" /><testcase classname="tests.test_gateway_static_and_backend_regression.TestServingBackendRegression" name="test_experience_and_plan" time="21.205" /></testsuite></testsuites>