<?xml version="1.0" encoding="utf-8"?><testsuites name="pytest tests"><testsuite name="pytest" errors="0" failures="0" skipped="0" tests="5" time="99.649" timestamp="2026-09-01T23:05:06.016875+00:00" hostname="agent-env-3beb81ba-e95d-4288-b72a-5a94d0a16e80"><testcase classname="tests.test_social_design_generation_regression.TestIllustration3DStillWorks" name="test_illustration3d_recraft" time="43.468" /><testcase classname="tests.test_social_design_generation_regression.TestMinimalStyleDesign" name="test_set_brand_minimal" time="0.372" /><testcase classname="tests.test_social_design_generation_regression.TestMinimalStyleDesign" name="test_minimal_recraft" time="36.824" /><testcase classname="tests.test_social_design_generation_regression.TestMinimalStyleDesign" name="test_minimal_ideogram" time="52.344" /><testcase classname="tests.test_social_design_generation_regression.TestMinimalStyleDesign" name="test_minimal_gemini" time="9.770" /></testsuite></testsuites>