<?xml version="1.0" encoding="utf-8"?><testsuites name="pytest tests"><testsuite name="pytest" errors="0" failures="0" skipped="0" tests="7" time="21.000" timestamp="2026-09-01T23:28:22.964046+00:00" hostname="agent-env-3beb81ba-e95d-4288-b72a-5a94d0a16e80"><testcase classname="tests.test_social_async_design_regression.TestPollingReachesTerminal" name="test_ideogram_preview_reaches_ready_or_error" time="11.118" /><testcase classname="tests.test_social_async_design_regression.TestAsyncReturnsInstantly" name="test_recraft_returns_instantly" time="1.723" /><testcase classname="tests.test_social_async_design_regression.TestAsyncReturnsInstantly" name="test_ideogram_preview_returns_instantly" time="0.132" /><testcase classname="tests.test_social_async_design_regression.TestAsyncReturnsInstantly" name="test_gemini_returns_instantly" time="0.131" /><testcase classname="tests.test_social_async_design_regression.TestParallelGenerateAll" name="test_parallel_posts_all_instant" time="0.322" /><testcase classname="tests.test_social_async_design_regression.TestPollingReachesTerminal" name="test_gemini_reaches_ready" time="9.444" /><testcase classname="tests.test_social_async_design_regression.TestPostsListHasDesignStatus" name="test_posts_include_design_status_field" time="0.088" /></testsuite></testsuites>