<?xml version="1.0" encoding="utf-8"?><testsuites name="pytest tests"><testsuite name="pytest" errors="0" failures="0" skipped="0" tests="8" time="119.303" timestamp="2026-08-31T15:53:53.012151+00:00" hostname="agent-env-3beb81ba-e95d-4288-b72a-5a94d0a16e80"><testcase classname="tests.test_video_range_and_delete" name="test_download_without_range_returns_200_with_accept_ranges" time="24.116" /><testcase classname="tests.test_video_range_and_delete" name="test_download_with_range_returns_206" time="23.952" /><testcase classname="tests.test_video_range_and_delete" name="test_download_mid_range" time="45.779" /><testcase classname="tests.test_video_range_and_delete" name="test_download_auth_via_query_param" time="23.442" /><testcase classname="tests.test_video_range_and_delete" name="test_download_unauthorized" time="0.200" /><testcase classname="tests.test_video_range_and_delete" name="test_delete_own_job" time="0.558" /><testcase classname="tests.test_video_range_and_delete" name="test_delete_other_users_job_returns_404" time="0.174" /><testcase classname="tests.test_video_range_and_delete" name="test_delete_nonexistent_returns_404" time="0.113" /></testsuite></testsuites>