<?xml version="1.0" encoding="utf-8"?><testsuites name="pytest tests"><testsuite name="pytest" errors="0" failures="0" skipped="0" tests="7" time="67.216" timestamp="2026-08-31T16:19:35.192738+00:00" hostname="agent-env-3beb81ba-e95d-4288-b72a-5a94d0a16e80"><testcase classname="tests.test_video_editor_pipeline" name="test_me_logo_upload_and_fetch" time="0.805" /><testcase classname="tests.test_video_editor_pipeline" name="test_preferences_persist" time="0.147" /><testcase classname="tests.test_video_editor_pipeline" name="test_edit_reframe_9_16_no_logo" time="33.391" /><testcase classname="tests.test_video_editor_pipeline" name="test_edited_download_range_206" time="0.970" /><testcase classname="tests.test_video_editor_pipeline" name="test_edit_with_logo" time="30.994" /><testcase classname="tests.test_video_editor_pipeline" name="test_delete_edited_jobs" time="0.317" /><testcase classname="tests.test_video_editor_pipeline" name="test_edit_missing_job_404" time="0.071" /></testsuite></testsuites>